<?xml version="1.0" encoding="UTF-8"?>
<testsuite xmlns:xsi="http://www.w3.org/2001/XMLSchema-instance" xsi:noNamespaceSchemaLocation="https://maven.apache.org/surefire/maven-surefire-plugin/xsd/surefire-test-report.xsd" name="com.pailsom.AppTest" time="0.222" tests="1" errors="0" skipped="0" failures="0">
  <properties>
    <property name="sun.desktop" value="windows"/>
    <property name="awt.toolkit" value="sun.awt.windows.WToolkit"/>
    <property name="file.encoding.pkg" value="sun.io"/>
    <property name="java.specification.version" value="1.8"/>
    <property name="sun.cpu.isalist" value="amd64"/>
    <property name="sun.jnu.encoding" value="Cp1252"/>
    <property name="java.class.path" value="C:\gitproject\project\money-transfer\target\test-classes;C:\gitproject\project\money-transfer\target\classes;C:\Users\HP PC\.m2\repository\io\vertx\vertx-core\3.7.0\vertx-core-3.7.0.jar;C:\Users\HP PC\.m2\repository\io\netty\netty-common\4.1.30.Final\netty-common-4.1.30.Final.jar;C:\Users\HP PC\.m2\repository\io\netty\netty-buffer\4.1.30.Final\netty-buffer-4.1.30.Final.jar;C:\Users\HP PC\.m2\repository\io\netty\netty-transport\4.1.30.Final\netty-transport-4.1.30.Final.jar;C:\Users\HP PC\.m2\repository\io\netty\netty-handler\4.1.30.Final\netty-handler-4.1.30.Final.jar;C:\Users\HP PC\.m2\repository\io\netty\netty-codec\4.1.30.Final\netty-codec-4.1.30.Final.jar;C:\Users\HP PC\.m2\repository\io\netty\netty-handler-proxy\4.1.30.Final\netty-handler-proxy-4.1.30.Final.jar;C:\Users\HP PC\.m2\repository\io\netty\netty-codec-socks\4.1.30.Final\netty-codec-socks-4.1.30.Final.jar;C:\Users\HP PC\.m2\repository\io\netty\netty-codec-http\4.1.30.Final\netty-codec-http-4.1.30.Final.jar;C:\Users\HP PC\.m2\repository\io\netty\netty-codec-http2\4.1.30.Final\netty-codec-http2-4.1.30.Final.jar;C:\Users\HP PC\.m2\repository\io\netty\netty-resolver\4.1.30.Final\netty-resolver-4.1.30.Final.jar;C:\Users\HP PC\.m2\repository\io\netty\netty-resolver-dns\4.1.30.Final\netty-resolver-dns-4.1.30.Final.jar;C:\Users\HP PC\.m2\repository\io\netty\netty-codec-dns\4.1.30.Final\netty-codec-dns-4.1.30.Final.jar;C:\Users\HP PC\.m2\repository\com\fasterxml\jackson\core\jackson-core\2.9.8\jackson-core-2.9.8.jar;C:\Users\HP PC\.m2\repository\com\fasterxml\jackson\core\jackson-databind\2.9.8\jackson-databind-2.9.8.jar;C:\Users\HP PC\.m2\repository\com\fasterxml\jackson\core\jackson-annotations\2.9.8\jackson-annotations-2.9.8.jar;C:\Users\HP PC\.m2\repository\io\vertx\vertx-web\3.7.0\vertx-web-3.7.0.jar;C:\Users\HP PC\.m2\repository\io\vertx\vertx-web-common\3.7.0\vertx-web-common-3.7.0.jar;C:\Users\HP PC\.m2\repository\io\vertx\vertx-auth-common\3.7.0\vertx-auth-common-3.7.0.jar;C:\Users\HP PC\.m2\repository\io\vertx\vertx-bridge-common\3.7.0\vertx-bridge-common-3.7.0.jar;C:\Users\HP PC\.m2\repository\junit\junit\4.12\junit-4.12.jar;C:\Users\HP PC\.m2\repository\org\hamcrest\hamcrest-core\1.3\hamcrest-core-1.3.jar;C:\Users\HP PC\.m2\repository\org\sonatype\sisu\sisu-inject-bean\1.4.2\sisu-inject-bean-1.4.2.jar;C:\Users\HP PC\.m2\repository\org\sonatype\sisu\sisu-guice\2.1.7\sisu-guice-2.1.7-noaop.jar;C:\Users\HP PC\.m2\repository\io\vertx\vertx-unit\3.7.0\vertx-unit-3.7.0.jar;C:\Users\HP PC\.m2\repository\com\jayway\restassured\rest-assured\2.4.0\rest-assured-2.4.0.jar;C:\Users\HP PC\.m2\repository\org\codehaus\groovy\groovy\2.3.7\groovy-2.3.7.jar;C:\Users\HP PC\.m2\repository\org\codehaus\groovy\groovy-xml\2.3.7\groovy-xml-2.3.7.jar;C:\Users\HP PC\.m2\repository\org\apache\httpcomponents\httpclient\4.3.6\httpclient-4.3.6.jar;C:\Users\HP PC\.m2\repository\org\apache\httpcomponents\httpcore\4.3.3\httpcore-4.3.3.jar;C:\Users\HP PC\.m2\repository\commons-logging\commons-logging\1.1.3\commons-logging-1.1.3.jar;C:\Users\HP PC\.m2\repository\commons-codec\commons-codec\1.6\commons-codec-1.6.jar;C:\Users\HP PC\.m2\repository\org\apache\httpcomponents\httpmime\4.3.6\httpmime-4.3.6.jar;C:\Users\HP PC\.m2\repository\org\hamcrest\hamcrest-library\1.3\hamcrest-library-1.3.jar;C:\Users\HP PC\.m2\repository\org\ccil\cowan\tagsoup\tagsoup\1.2.1\tagsoup-1.2.1.jar;C:\Users\HP PC\.m2\repository\com\jayway\restassured\json-path\2.4.0\json-path-2.4.0.jar;C:\Users\HP PC\.m2\repository\org\codehaus\groovy\groovy-json\2.3.7\groovy-json-2.3.7.jar;C:\Users\HP PC\.m2\repository\com\jayway\restassured\rest-assured-common\2.4.0\rest-assured-common-2.4.0.jar;C:\Users\HP PC\.m2\repository\com\jayway\restassured\xml-path\2.4.0\xml-path-2.4.0.jar;C:\Users\HP PC\.m2\repository\org\apache\commons\commons-lang3\3.3.2\commons-lang3-3.3.2.jar;C:\Users\HP PC\.m2\repository\org\assertj\assertj-core\2.0.0\assertj-core-2.0.0.jar;C:\Users\HP PC\.m2\repository\com\github\marschall\memoryfilesystem\0.6.4\memoryfilesystem-0.6.4.jar;C:\Users\HP PC\.m2\repository\ch\qos\logback\logback-classic\1.1.5\logback-classic-1.1.5.jar;C:\Users\HP PC\.m2\repository\ch\qos\logback\logback-core\1.1.5\logback-core-1.1.5.jar;C:\Users\HP PC\.m2\repository\org\slf4j\slf4j-api\1.7.16\slf4j-api-1.7.16.jar;"/>
    <property name="java.vm.vendor" value="Oracle Corporation"/>
    <property name="sun.arch.data.model" value="64"/>
    <property name="user.variant" value=""/>
    <property name="java.vendor.url" value="http://java.oracle.com/"/>
    <property name="user.timezone" value="Asia/Calcutta"/>
    <property name="java.vm.specification.version" value="1.8"/>
    <property name="os.name" value="Windows 10"/>
    <property name="user.country" value="IN"/>
    <property name="sun.java.launcher" value="SUN_STANDARD"/>
    <property name="sun.boot.library.path" value="C:\Program Files\Java\jdk1.8.0_121\jre\bin"/>
    <property name="sun.java.command" value="C:\Users\HPPC~1\AppData\Local\Temp\surefire6058825932330973481\surefirebooter756574614056244974.jar C:\Users\HP PC\AppData\Local\Temp\surefire6058825932330973481 2019-05-01T13-00-44_624-jvmRun1 surefire7238115937717235424tmp surefire_06726360554470514581tmp"/>
    <property name="surefire.test.class.path" value="C:\gitproject\project\money-transfer\target\test-classes;C:\gitproject\project\money-transfer\target\classes;C:\Users\HP PC\.m2\repository\io\vertx\vertx-core\3.7.0\vertx-core-3.7.0.jar;C:\Users\HP PC\.m2\repository\io\netty\netty-common\4.1.30.Final\netty-common-4.1.30.Final.jar;C:\Users\HP PC\.m2\repository\io\netty\netty-buffer\4.1.30.Final\netty-buffer-4.1.30.Final.jar;C:\Users\HP PC\.m2\repository\io\netty\netty-transport\4.1.30.Final\netty-transport-4.1.30.Final.jar;C:\Users\HP PC\.m2\repository\io\netty\netty-handler\4.1.30.Final\netty-handler-4.1.30.Final.jar;C:\Users\HP PC\.m2\repository\io\netty\netty-codec\4.1.30.Final\netty-codec-4.1.30.Final.jar;C:\Users\HP PC\.m2\repository\io\netty\netty-handler-proxy\4.1.30.Final\netty-handler-proxy-4.1.30.Final.jar;C:\Users\HP PC\.m2\repository\io\netty\netty-codec-socks\4.1.30.Final\netty-codec-socks-4.1.30.Final.jar;C:\Users\HP PC\.m2\repository\io\netty\netty-codec-http\4.1.30.Final\netty-codec-http-4.1.30.Final.jar;C:\Users\HP PC\.m2\repository\io\netty\netty-codec-http2\4.1.30.Final\netty-codec-http2-4.1.30.Final.jar;C:\Users\HP PC\.m2\repository\io\netty\netty-resolver\4.1.30.Final\netty-resolver-4.1.30.Final.jar;C:\Users\HP PC\.m2\repository\io\netty\netty-resolver-dns\4.1.30.Final\netty-resolver-dns-4.1.30.Final.jar;C:\Users\HP PC\.m2\repository\io\netty\netty-codec-dns\4.1.30.Final\netty-codec-dns-4.1.30.Final.jar;C:\Users\HP PC\.m2\repository\com\fasterxml\jackson\core\jackson-core\2.9.8\jackson-core-2.9.8.jar;C:\Users\HP PC\.m2\repository\com\fasterxml\jackson\core\jackson-databind\2.9.8\jackson-databind-2.9.8.jar;C:\Users\HP PC\.m2\repository\com\fasterxml\jackson\core\jackson-annotations\2.9.8\jackson-annotations-2.9.8.jar;C:\Users\HP PC\.m2\repository\io\vertx\vertx-web\3.7.0\vertx-web-3.7.0.jar;C:\Users\HP PC\.m2\repository\io\vertx\vertx-web-common\3.7.0\vertx-web-common-3.7.0.jar;C:\Users\HP PC\.m2\repository\io\vertx\vertx-auth-common\3.7.0\vertx-auth-common-3.7.0.jar;C:\Users\HP PC\.m2\repository\io\vertx\vertx-bridge-common\3.7.0\vertx-bridge-common-3.7.0.jar;C:\Users\HP PC\.m2\repository\junit\junit\4.12\junit-4.12.jar;C:\Users\HP PC\.m2\repository\org\hamcrest\hamcrest-core\1.3\hamcrest-core-1.3.jar;C:\Users\HP PC\.m2\repository\org\sonatype\sisu\sisu-inject-bean\1.4.2\sisu-inject-bean-1.4.2.jar;C:\Users\HP PC\.m2\repository\org\sonatype\sisu\sisu-guice\2.1.7\sisu-guice-2.1.7-noaop.jar;C:\Users\HP PC\.m2\repository\io\vertx\vertx-unit\3.7.0\vertx-unit-3.7.0.jar;C:\Users\HP PC\.m2\repository\com\jayway\restassured\rest-assured\2.4.0\rest-assured-2.4.0.jar;C:\Users\HP PC\.m2\repository\org\codehaus\groovy\groovy\2.3.7\groovy-2.3.7.jar;C:\Users\HP PC\.m2\repository\org\codehaus\groovy\groovy-xml\2.3.7\groovy-xml-2.3.7.jar;C:\Users\HP PC\.m2\repository\org\apache\httpcomponents\httpclient\4.3.6\httpclient-4.3.6.jar;C:\Users\HP PC\.m2\repository\org\apache\httpcomponents\httpcore\4.3.3\httpcore-4.3.3.jar;C:\Users\HP PC\.m2\repository\commons-logging\commons-logging\1.1.3\commons-logging-1.1.3.jar;C:\Users\HP PC\.m2\repository\commons-codec\commons-codec\1.6\commons-codec-1.6.jar;C:\Users\HP PC\.m2\repository\org\apache\httpcomponents\httpmime\4.3.6\httpmime-4.3.6.jar;C:\Users\HP PC\.m2\repository\org\hamcrest\hamcrest-library\1.3\hamcrest-library-1.3.jar;C:\Users\HP PC\.m2\repository\org\ccil\cowan\tagsoup\tagsoup\1.2.1\tagsoup-1.2.1.jar;C:\Users\HP PC\.m2\repository\com\jayway\restassured\json-path\2.4.0\json-path-2.4.0.jar;C:\Users\HP PC\.m2\repository\org\codehaus\groovy\groovy-json\2.3.7\groovy-json-2.3.7.jar;C:\Users\HP PC\.m2\repository\com\jayway\restassured\rest-assured-common\2.4.0\rest-assured-common-2.4.0.jar;C:\Users\HP PC\.m2\repository\com\jayway\restassured\xml-path\2.4.0\xml-path-2.4.0.jar;C:\Users\HP PC\.m2\repository\org\apache\commons\commons-lang3\3.3.2\commons-lang3-3.3.2.jar;C:\Users\HP PC\.m2\repository\org\assertj\assertj-core\2.0.0\assertj-core-2.0.0.jar;C:\Users\HP PC\.m2\repository\com\github\marschall\memoryfilesystem\0.6.4\memoryfilesystem-0.6.4.jar;C:\Users\HP PC\.m2\repository\ch\qos\logback\logback-classic\1.1.5\logback-classic-1.1.5.jar;C:\Users\HP PC\.m2\repository\ch\qos\logback\logback-core\1.1.5\logback-core-1.1.5.jar;C:\Users\HP PC\.m2\repository\org\slf4j\slf4j-api\1.7.16\slf4j-api-1.7.16.jar;"/>
    <property name="sun.cpu.endian" value="little"/>
    <property name="user.home" value="C:\Users\HP PC"/>
    <property name="user.language" value="en"/>
    <property name="java.specification.vendor" value="Oracle Corporation"/>
    <property name="java.home" value="C:\Program Files\Java\jdk1.8.0_121\jre"/>
    <property name="basedir" value="C:\gitproject\project\money-transfer"/>
    <property name="file.separator" value="\"/>
    <property name="line.separator" value="&#10;"/>
    <property name="java.vm.specification.vendor" value="Oracle Corporation"/>
    <property name="java.specification.name" value="Java Platform API Specification"/>
    <property name="java.awt.graphicsenv" value="sun.awt.Win32GraphicsEnvironment"/>
    <property name="surefire.real.class.path" value="C:\Users\HPPC~1\AppData\Local\Temp\surefire6058825932330973481\surefirebooter756574614056244974.jar"/>
    <property name="sun.boot.class.path" value="C:\Program Files\Java\jdk1.8.0_121\jre\lib\resources.jar;C:\Program Files\Java\jdk1.8.0_121\jre\lib\rt.jar;C:\Program Files\Java\jdk1.8.0_121\jre\lib\sunrsasign.jar;C:\Program Files\Java\jdk1.8.0_121\jre\lib\jsse.jar;C:\Program Files\Java\jdk1.8.0_121\jre\lib\jce.jar;C:\Program Files\Java\jdk1.8.0_121\jre\lib\charsets.jar;C:\Program Files\Java\jdk1.8.0_121\jre\lib\jfr.jar;C:\Program Files\Java\jdk1.8.0_121\jre\classes"/>
    <property name="user.script" value=""/>
    <property name="sun.management.compiler" value="HotSpot 64-Bit Tiered Compilers"/>
    <property name="java.runtime.version" value="1.8.0_121-b13"/>
    <property name="user.name" value="HP PC"/>
    <property name="path.separator" value=";"/>
    <property name="os.version" value="10.0"/>
    <property name="java.endorsed.dirs" value="C:\Program Files\Java\jdk1.8.0_121\jre\lib\endorsed"/>
    <property name="java.runtime.name" value="Java(TM) SE Runtime Environment"/>
    <property name="file.encoding" value="Cp1252"/>
    <property name="java.vm.name" value="Java HotSpot(TM) 64-Bit Server VM"/>
    <property name="localRepository" value="C:\Users\HP PC\.m2\repository"/>
    <property name="java.vendor.url.bug" value="http://bugreport.sun.com/bugreport/"/>
    <property name="java.io.tmpdir" value="C:\Users\HPPC~1\AppData\Local\Temp\"/>
    <property name="java.version" value="1.8.0_121"/>
    <property name="user.dir" value="C:\gitproject\project\money-transfer"/>
    <property name="os.arch" value="amd64"/>
    <property name="java.vm.specification.name" value="Java Virtual Machine Specification"/>
    <property name="java.awt.printerjob" value="sun.awt.windows.WPrinterJob"/>
    <property name="sun.os.patch.level" value=""/>
    <property name="java.library.path" value="C:\Program Files\Java\jdk1.8.0_121\jre\bin;C:\WINDOWS\Sun\Java\bin;C:\WINDOWS\system32;C:\WINDOWS;C:\Users\HP PC\bin;C:\Program Files\Git\mingw64\bin;C:\Program Files\Git\usr\local\bin;C:\Program Files\Git\usr\bin;C:\Program Files\Git\usr\bin;C:\Program Files\Git\mingw64\bin;C:\Program Files\Git\usr\bin;C:\Users\HP PC\bin;C:\Program Files (x86)\Intel\iCLS Client;C:\ProgramData\Oracle\Java\javapath;C:\Program Files\Intel\iCLS Client;C:\WINDOWS\system32;C:\WINDOWS;C:\WINDOWS\System32\Wbem;C:\WINDOWS\System32\WindowsPowerShell\v1.0;C:\Program Files\Java\jdk1.8.0_121\bin;C:\Program Files (x86)\Skype\Phone;C:\Installed\apache-maven-3.5.0\bin;C:\Program Files\Git\cmd;C:\Program Files (x86)\Intel\Intel(R) Management Engine Components\DAL;C:\Program Files\Intel\Intel(R) Management Engine Components\DAL;C:\Program Files (x86)\Intel\Intel(R) Management Engine Components\IPT;C:\Program Files\Intel\Intel(R) Management Engine Components\IPT;C:\WINDOWS\System32\OpenSSH;C:\Program Files\Intel\WiFi\bin;C:\Program Files\Common Files\Intel\WirelessCommon;C:\Program Files\Cloud Foundry;C:\myproject\gradle-5.0-bin\gradle-5.0\bin;C:\Program Files\nodejs;C:\Users\HP PC\AppData\Local\Microsoft\WindowsApps;C:\Users\HP PC\AppData\Roaming\npm;C:\Program Files\Git\usr\bin\vendor_perl;C:\Program Files\Git\usr\bin\core_perl;."/>
    <property name="java.vm.info" value="mixed mode"/>
    <property name="java.vendor" value="Oracle Corporation"/>
    <property name="java.vm.version" value="25.121-b13"/>
    <property name="java.ext.dirs" value="C:\Program Files\Java\jdk1.8.0_121\jre\lib\ext;C:\WINDOWS\Sun\Java\lib\ext"/>
    <property name="sun.io.unicode.encoding" value="UnicodeLittle"/>
    <property name="java.class.version" value="52.0"/>
  </properties>
  <testcase name="accountCreationTests" classname="com.pailsom.AppTest" time="0.135"/>
</testsuite>